Build started 29/05/2011 13:50:08.
     1>Project "C:\Users\done\Desktop\twk\code\mxml-2.6\vcnet\mxml1.vcxproj" on node 2 (build target(s)).
     1>InitializeBuildStatus:
         Touching "Debug\mxml1.unsuccessfulbuild".
       ClCompile:
         All outputs are up-to-date.
       ManifestResourceCompile:
         All outputs are up-to-date.
     1>C:\Program Files (x86)\MSBuild\Microsoft.Cpp\v4.0\Microsoft.CppBuild.targets(990,5): warning MSB8012: TargetPath(C:\Users\done\Desktop\twk\code\mxml-2.6\vcnet\Debug\mxml1.dll) does not match the Linker's OutputFile property value (C:\Users\done\Desktop\twk\code\mxml-2.6\vcnet\mxml1.dll). This may cause your project to build incorrectly. To correct this, please make sure that $(OutDir), $(TargetName) and $(TargetExt) property values match the value specified in %(Link.OutputFile).
       Link:
         C:\Program Files (x86)\Microsoft Visual Studio 10.0\VC\bin\link.exe /ERRORREPORT:PROMPT /OUT:"mxml1.dll" /INCREMENTAL /NOLOGO kernel32.lib user32.lib gdi32.lib winspool.lib comdlg32.lib advapi32.lib shell32.lib ole32.lib oleaut32.lib uuid.lib odbc32.lib odbccp32.lib /NODEFAULTLIB:oldnames.lib /DEF:".\mxml1.def" /MANIFEST /ManifestFile:"Debug\mxml1.dll.intermediate.manifest" /MANIFESTUAC:"level='asInvoker' uiAccess='false'" /DEBUG /PDB:"Debug\mxml1.pdb" /SUBSYSTEM:WINDOWS /TLBID:1 /DYNAMICBASE:NO /IMPLIB:"mxml1.lib" /MACHINE:X86 /DLL Debug\mxml1.dll.embed.manifest.res
         "Debug\mxml-attr.obj"
         "Debug\mxml-entity.obj"
         "Debug\mxml-file.obj"
         "Debug\mxml-index.obj"
         "Debug\mxml-node.obj"
         "Debug\mxml-private.obj"
         "Debug\mxml-search.obj"
         "Debug\mxml-set.obj"
         "Debug\mxml-string.obj"
            Creating library mxml1.lib and object mxml1.exp
       Manifest:
         C:\Program Files (x86)\Microsoft SDKs\Windows\v7.0A\bin\mt.exe /nologo /verbose /out:"Debug\mxml1.dll.embed.manifest" /manifest Debug\mxml1.dll.intermediate.manifest
         C:\Program Files (x86)\Microsoft SDKs\Windows\v7.0A\bin\rc.exe /nologo /fo"Debug\mxml1.dll.embed.manifest.res" Debug\mxml1_manifest.rc 
       LinkEmbedManifest:
         C:\Program Files (x86)\Microsoft Visual Studio 10.0\VC\bin\link.exe /ERRORREPORT:PROMPT /OUT:"mxml1.dll" /INCREMENTAL /NOLOGO kernel32.lib user32.lib gdi32.lib winspool.lib comdlg32.lib advapi32.lib shell32.lib ole32.lib oleaut32.lib uuid.lib odbc32.lib odbccp32.lib /NODEFAULTLIB:oldnames.lib /DEF:".\mxml1.def" /MANIFEST /ManifestFile:"Debug\mxml1.dll.intermediate.manifest" /MANIFESTUAC:"level='asInvoker' uiAccess='false'" /DEBUG /PDB:"Debug\mxml1.pdb" /SUBSYSTEM:WINDOWS /TLBID:1 /DYNAMICBASE:NO /IMPLIB:"mxml1.lib" /MACHINE:X86 /DLL Debug\mxml1.dll.embed.manifest.res
         "Debug\mxml-attr.obj"
         "Debug\mxml-entity.obj"
         "Debug\mxml-file.obj"
         "Debug\mxml-index.obj"
         "Debug\mxml-node.obj"
         "Debug\mxml-private.obj"
         "Debug\mxml-search.obj"
         "Debug\mxml-set.obj"
         "Debug\mxml-string.obj"
            Creating library mxml1.lib and object mxml1.exp
         mxml1.vcxproj -> C:\Users\done\Desktop\twk\code\mxml-2.6\vcnet\Debug\mxml1.dll
       FinalizeBuildStatus:
         Deleting file "Debug\mxml1.unsuccessfulbuild".
         Touching "Debug\mxml1.lastbuildstate".
     1>Done Building Project "C:\Users\done\Desktop\twk\code\mxml-2.6\vcnet\mxml1.vcxproj" (build target(s)).

Build succeeded.

Time Elapsed 00:00:01.65
